<?xml version="1.0" encoding="UTF-8"?>
<!-- Generated by org.testng.reporters.JUnitReportReporter -->
<testsuite hostname="Ashrafs-MacBook-Air.local" failures="3" tests="19" name="org.example.testRunner.Runners" time="341.369" errors="0" timestamp="2022-09-05T21:12:04 EET" skipped="0">
  <testcase classname="org.example.testRunner.Runners" name="runScenario" time="10.673"/>
  <system-out/>
  <testcase classname="org.example.testRunner.Runners" name="runScenario" time="17.975"/>
  <system-out/>
  <testcase classname="org.example.testRunner.Runners" name="runScenario" time="8.213"/>
  <system-out/>
  <testcase classname="org.example.testRunner.Runners" name="runScenario" time="11.418"/>
  <system-out/>
  <testcase classname="org.example.testRunner.Runners" name="runScenario" time="9.312"/>
  <system-out/>
  <testcase classname="org.example.testRunner.Runners" name="runScenario" time="13.902"/>
  <system-out/>
  <testcase classname="org.example.testRunner.Runners" name="runScenario" time="35.151"/>
  <system-out/>
  <testcase classname="org.example.testRunner.Runners" name="runScenario" time="31.919"/>
  <system-out/>
  <testcase classname="org.example.testRunner.Runners" name="runScenario" time="25.791"/>
  <system-out/>
  <testcase classname="org.example.testRunner.Runners" name="runScenario" time="8.904"/>
  <system-out/>
  <testcase classname="org.example.testRunner.Runners" name="runScenario" time="18.601"/>
  <system-out/>
  <testcase classname="org.example.testRunner.Runners" name="runScenario" time="7.978"/>
  <system-out/>
  <testcase classname="org.example.testRunner.Runners" name="runScenario" time="38.005">
    <failure message="expected [https://demo.nopcommerce.com/nokia-lumia-1020] but found [https://demo.nopcommerce.com/]" type="java.lang.AssertionError">
      <![CDATA[java.lang.AssertionError: expected [https://demo.nopcommerce.com/nokia-lumia-1020] but found [https://demo.nopcommerce.com/]
at org.testng.Assert.fail(Assert.java:110)
at org.testng.Assert.failNotEquals(Assert.java:1413)
at org.testng.Assert.assertEqualsImpl(Assert.java:149)
at org.testng.Assert.assertEquals(Assert.java:131)
at org.testng.Assert.assertEquals(Assert.java:655)
at org.testng.Assert.assertEquals(Assert.java:665)
at org.example.stepDefs.D06_homeSlidersStepDef.pageOpens(D06_homeSlidersStepDef.java:40)
at ✽."Nokia Lumia 1020" page opens(file:///Users/ashrafhussein/Projects/Java%20project/demonopcommerce/demonopcommerce/src/main/resources/features/F06_homeSliders.feature:6)
]]>
    </failure>
  </testcase> <!-- runScenario -->
  <system-out/>
  <testcase classname="org.example.testRunner.Runners" name="runScenario" time="7.741"/>
  <system-out/>
  <testcase classname="org.example.testRunner.Runners" name="runScenario" time="10.944"/>
  <system-out/>
  <testcase classname="org.example.testRunner.Runners" name="runScenario" time="9.975"/>
  <system-out/>
  <testcase classname="org.example.testRunner.Runners" name="runScenario" time="12.137">
    <failure message="No new tab opened" type="java.lang.AssertionError">
      <![CDATA[java.lang.AssertionError: No new tab opened
at org.testng.Assert.fail(Assert.java:110)
at org.example.stepDefs.D07_followUsStepDef.isOpenedInNewTab(D07_followUsStepDef.java:40)
at ✽."https://demo.nopcommerce.com/new-online-store-is-open" is opened in new tab(file:///Users/ashrafhussein/Projects/Java%20project/demonopcommerce/demonopcommerce/src/main/resources/features/F07_followUs.feature:14)
]]>
    </failure>
  </testcase> <!-- runScenario -->
  <system-out/>
  <testcase classname="org.example.testRunner.Runners" name="runScenario" time="21.829"/>
  <system-out/>
  <testcase classname="org.example.testRunner.Runners" name="runScenario" time="40.901">
    <failure message="expected [https://demo.nopcommerce.com/iphone-6] but found [https://demo.nopcommerce.com/]" type="java.lang.AssertionError">
      <![CDATA[java.lang.AssertionError: expected [https://demo.nopcommerce.com/iphone-6] but found [https://demo.nopcommerce.com/]
at org.testng.Assert.fail(Assert.java:110)
at org.testng.Assert.failNotEquals(Assert.java:1413)
at org.testng.Assert.assertEqualsImpl(Assert.java:149)
at org.testng.Assert.assertEquals(Assert.java:131)
at org.testng.Assert.assertEquals(Assert.java:655)
at org.testng.Assert.assertEquals(Assert.java:665)
at org.example.stepDefs.D06_homeSlidersStepDef.pageOpens(D06_homeSlidersStepDef.java:48)
at ✽."iPhone" page opens(file:///Users/ashrafhussein/Projects/Java%20project/demonopcommerce/demonopcommerce/src/main/resources/features/F06_homeSliders.feature:10)
]]>
    </failure>
  </testcase> <!-- runScenario -->
  <system-out/>
</testsuite> <!-- org.example.testRunner.Runners -->
